  Translite.cpp
C:\Users\TopDesktop-1\source\repos\WarningListPVersion\WarningListPVersion\Translite.h(11,32): warning C4081: требуется "newline"; обнаружен ";"
C:\Users\TopDesktop-1\source\repos\WarningListPVersion\WarningListPVersion\Translite.cpp(100,12): warning C4244: аргумент: преобразование "time_t" в "unsigned int", возможна потеря данных
C:\Users\TopDesktop-1\source\repos\WarningListPVersion\WarningListPVersion\Translite.cpp(290,20): warning C4018: <: несоответствие типов со знаком и без знака
C:\Users\TopDesktop-1\source\repos\WarningListPVersion\WarningListPVersion\Translite.cpp(305,13): warning C4018: >: несоответствие типов со знаком и без знака
C:\Users\TopDesktop-1\source\repos\WarningListPVersion\WarningListPVersion\Translite.cpp(324,19): warning C4018: >: несоответствие типов со знаком и без знака
C:\Users\TopDesktop-1\source\repos\WarningListPVersion\WarningListPVersion\Translite.cpp(350,21): warning C4018: <: несоответствие типов со знаком и без знака
C:\Users\TopDesktop-1\source\repos\WarningListPVersion\WarningListPVersion\Translite.cpp(518,133): warning C4244: =: преобразование "_Ty" в "int", возможна потеря данных
          with
          [
              _Ty=double
          ]
C:\Users\TopDesktop-1\source\repos\WarningListPVersion\WarningListPVersion\Translite.cpp(592,22): warning C4018: <: несоответствие типов со знаком и без знака
C:\Users\TopDesktop-1\source\repos\WarningListPVersion\WarningListPVersion\Translite.cpp(110,15): warning C4101: selectdata: неиспользованная локальная переменная
C:\Users\TopDesktop-1\source\repos\WarningListPVersion\WarningListPVersion\Translite.cpp(117,11): warning C4101: hit2: неиспользованная локальная переменная
C:\Users\TopDesktop-1\source\repos\WarningListPVersion\WarningListPVersion\Translite.cpp(116,6): warning C4101: correct: неиспользованная локальная переменная
C:\Users\TopDesktop-1\source\repos\WarningListPVersion\WarningListPVersion\Translite.cpp(119,6): warning C4101: add: неиспользованная локальная переменная
C:\Users\TopDesktop-1\source\repos\WarningListPVersion\WarningListPVersion\Translite.cpp(117,6): warning C4101: hit: неиспользованная локальная переменная
  WarningList 0.4.5.cpp
C:\Users\TopDesktop-1\source\repos\WarningListPVersion\WarningListPVersion\Translite.h(11,32): warning C4081: требуется "newline"; обнаружен ";"
C:\Users\TopDesktop-1\source\repos\WarningListPVersion\WarningListPVersion\WarningList 0.4.5.cpp(10,32): warning C4081: требуется "newline"; обнаружен ";"
C:\Users\TopDesktop-1\source\repos\WarningListPVersion\WarningListPVersion\WarningList 0.4.5.cpp(113,12): warning C4244: аргумент: преобразование "time_t" в "unsigned int", возможна потеря данных
C:\Users\TopDesktop-1\source\repos\WarningListPVersion\WarningListPVersion\WarningList 0.4.5.cpp(299,20): warning C4018: <: несоответствие типов со знаком и без знака
C:\Users\TopDesktop-1\source\repos\WarningListPVersion\WarningListPVersion\WarningList 0.4.5.cpp(319,13): warning C4018: >: несоответствие типов со знаком и без знака
C:\Users\TopDesktop-1\source\repos\WarningListPVersion\WarningListPVersion\WarningList 0.4.5.cpp(338,19): warning C4018: >: несоответствие типов со знаком и без знака
C:\Users\TopDesktop-1\source\repos\WarningListPVersion\WarningListPVersion\WarningList 0.4.5.cpp(367,21): warning C4018: <: несоответствие типов со знаком и без знака
C:\Users\TopDesktop-1\source\repos\WarningListPVersion\WarningListPVersion\WarningList 0.4.5.cpp(535,133): warning C4244: =: преобразование "_Ty" в "int", возможна потеря данных
          with
          [
              _Ty=double
          ]
C:\Users\TopDesktop-1\source\repos\WarningListPVersion\WarningListPVersion\WarningList 0.4.5.cpp(608,22): warning C4018: <: несоответствие типов со знаком и без знака
C:\Users\TopDesktop-1\source\repos\WarningListPVersion\WarningListPVersion\WarningList 0.4.5.cpp(115,14): warning C4101: selectdata: неиспользованная локальная переменная
C:\Users\TopDesktop-1\source\repos\WarningListPVersion\WarningListPVersion\WarningList 0.4.5.cpp(122,11): warning C4101: hit2: неиспользованная локальная переменная
C:\Users\TopDesktop-1\source\repos\WarningListPVersion\WarningListPVersion\WarningList 0.4.5.cpp(121,6): warning C4101: correct: неиспользованная локальная переменная
C:\Users\TopDesktop-1\source\repos\WarningListPVersion\WarningListPVersion\WarningList 0.4.5.cpp(122,6): warning C4101: hit: неиспользованная локальная переменная
  Создание кода...
  WarningListPVersion.vcxproj -> C:\Users\TopDesktop-1\source\repos\WarningListPVersion\Debug\WarningListPVersion.exe
