  Translite.cpp
C:\Users\TopDesktop-1\source\repos\WarningListPVersion\WarningListPVersion\Translite.h(9,32): warning C4081: требуется "newline"; обнаружен ";"
C:\Users\TopDesktop-1\source\repos\WarningListPVersion\WarningListPVersion\Translite.cpp(91,12): warning C4244: аргумент: преобразование "time_t" в "unsigned int", возможна потеря данных
C:\Users\TopDesktop-1\source\repos\WarningListPVersion\WarningListPVersion\Translite.cpp(399,133): warning C4244: =: преобразование "double" в "int", возможна потеря данных
C:\Users\TopDesktop-1\source\repos\WarningListPVersion\WarningListPVersion\Translite.cpp(95,11): warning C4101: hit2: неиспользованная локальная переменная
C:\Users\TopDesktop-1\source\repos\WarningListPVersion\WarningListPVersion\Translite.cpp(94,6): warning C4101: correct: неиспользованная локальная переменная
C:\Users\TopDesktop-1\source\repos\WarningListPVersion\WarningListPVersion\Translite.cpp(95,6): warning C4101: hit: неиспользованная локальная переменная
  WarningList 0.3.cpp
C:\Users\TopDesktop-1\source\repos\WarningListPVersion\WarningListPVersion\Translite.h(9,32): warning C4081: требуется "newline"; обнаружен ";"
C:\Users\TopDesktop-1\source\repos\WarningListPVersion\WarningListPVersion\WarningList 0.3.cpp(10,32): warning C4081: требуется "newline"; обнаружен ";"
C:\Users\TopDesktop-1\source\repos\WarningListPVersion\WarningListPVersion\WarningList 0.3.cpp(102,12): warning C4244: аргумент: преобразование "time_t" в "unsigned int", возможна потеря данных
C:\Users\TopDesktop-1\source\repos\WarningListPVersion\WarningListPVersion\WarningList 0.3.cpp(410,134): warning C4244: =: преобразование "double" в "int", возможна потеря данных
C:\Users\TopDesktop-1\source\repos\WarningListPVersion\WarningListPVersion\WarningList 0.3.cpp(106,11): warning C4101: hit2: неиспользованная локальная переменная
C:\Users\TopDesktop-1\source\repos\WarningListPVersion\WarningListPVersion\WarningList 0.3.cpp(105,6): warning C4101: correct: неиспользованная локальная переменная
C:\Users\TopDesktop-1\source\repos\WarningListPVersion\WarningListPVersion\WarningList 0.3.cpp(106,6): warning C4101: hit: неиспользованная локальная переменная
  Previous IPDB not found, fall back to full compilation.
  Создание кода
  All 183 functions were compiled because no usable IPDB/IOBJ from previous compilation was found.
  Создание кода завершено
  WarningListPVersion.vcxproj -> C:\Users\TopDesktop-1\source\repos\WarningListPVersion\Release\WarningListPVersion.exe
