  Translite.cpp
C:\Users\TopDesktop-1\source\repos\WarningListPVersion\WarningListPVersion\Translite.h(11,32): warning C4081: требуется "newline"; обнаружен ";"
C:\Users\TopDesktop-1\source\repos\WarningListPVersion\WarningListPVersion\Translite.cpp(100,12): warning C4244: аргумент: преобразование "time_t" в "unsigned int", возможна потеря данных
C:\Users\TopDesktop-1\source\repos\WarningListPVersion\WarningListPVersion\Translite.cpp(372,21): warning C4018: <: несоответствие типов со знаком и без знака
C:\Users\TopDesktop-1\source\repos\WarningListPVersion\WarningListPVersion\Translite.cpp(387,14): warning C4018: >: несоответствие типов со знаком и без знака
C:\Users\TopDesktop-1\source\repos\WarningListPVersion\WarningListPVersion\Translite.cpp(406,20): warning C4018: >: несоответствие типов со знаком и без знака
C:\Users\TopDesktop-1\source\repos\WarningListPVersion\WarningListPVersion\Translite.cpp(432,22): warning C4018: <: несоответствие типов со знаком и без знака
C:\Users\TopDesktop-1\source\repos\WarningListPVersion\WarningListPVersion\Translite.cpp(600,134): warning C4244: =: преобразование "_Ty" в "int", возможна потеря данных
          with
          [
              _Ty=double
          ]
C:\Users\TopDesktop-1\source\repos\WarningListPVersion\WarningListPVersion\Translite.cpp(670,23): warning C4018: <: несоответствие типов со знаком и без знака
C:\Users\TopDesktop-1\source\repos\WarningListPVersion\WarningListPVersion\Translite.cpp(111,16): warning C4101: selectdata: неиспользованная локальная переменная
C:\Users\TopDesktop-1\source\repos\WarningListPVersion\WarningListPVersion\Translite.cpp(118,11): warning C4101: hit2: неиспользованная локальная переменная
C:\Users\TopDesktop-1\source\repos\WarningListPVersion\WarningListPVersion\Translite.cpp(117,6): warning C4101: correct: неиспользованная локальная переменная
C:\Users\TopDesktop-1\source\repos\WarningListPVersion\WarningListPVersion\Translite.cpp(120,6): warning C4101: add: неиспользованная локальная переменная
C:\Users\TopDesktop-1\source\repos\WarningListPVersion\WarningListPVersion\Translite.cpp(118,6): warning C4101: hit: неиспользованная локальная переменная
  WarningList 0.4.8.cpp
C:\Users\TopDesktop-1\source\repos\WarningListPVersion\WarningListPVersion\Translite.h(11,32): warning C4081: требуется "newline"; обнаружен ";"
C:\Users\TopDesktop-1\source\repos\WarningListPVersion\WarningListPVersion\WarningList 0.4.8.cpp(10,32): warning C4081: требуется "newline"; обнаружен ";"
C:\Users\TopDesktop-1\source\repos\WarningListPVersion\WarningListPVersion\WarningList 0.4.8.cpp(135,12): warning C4244: аргумент: преобразование "time_t" в "unsigned int", возможна потеря данных
C:\Users\TopDesktop-1\source\repos\WarningListPVersion\WarningListPVersion\WarningList 0.4.8.cpp(430,20): warning C4018: <: несоответствие типов со знаком и без знака
C:\Users\TopDesktop-1\source\repos\WarningListPVersion\WarningListPVersion\WarningList 0.4.8.cpp(451,14): warning C4018: >: несоответствие типов со знаком и без знака
C:\Users\TopDesktop-1\source\repos\WarningListPVersion\WarningListPVersion\WarningList 0.4.8.cpp(470,20): warning C4018: >: несоответствие типов со знаком и без знака
C:\Users\TopDesktop-1\source\repos\WarningListPVersion\WarningListPVersion\WarningList 0.4.8.cpp(499,21): warning C4018: <: несоответствие типов со знаком и без знака
C:\Users\TopDesktop-1\source\repos\WarningListPVersion\WarningListPVersion\WarningList 0.4.8.cpp(667,133): warning C4244: =: преобразование "_Ty" в "int", возможна потеря данных
          with
          [
              _Ty=double
          ]
C:\Users\TopDesktop-1\source\repos\WarningListPVersion\WarningListPVersion\WarningList 0.4.8.cpp(736,22): warning C4018: <: несоответствие типов со знаком и без знака
C:\Users\TopDesktop-1\source\repos\WarningListPVersion\WarningListPVersion\WarningList 0.4.8.cpp(137,14): warning C4101: selectdata: неиспользованная локальная переменная
C:\Users\TopDesktop-1\source\repos\WarningListPVersion\WarningListPVersion\WarningList 0.4.8.cpp(144,11): warning C4101: hit2: неиспользованная локальная переменная
C:\Users\TopDesktop-1\source\repos\WarningListPVersion\WarningListPVersion\WarningList 0.4.8.cpp(143,6): warning C4101: correct: неиспользованная локальная переменная
C:\Users\TopDesktop-1\source\repos\WarningListPVersion\WarningListPVersion\WarningList 0.4.8.cpp(144,6): warning C4101: hit: неиспользованная локальная переменная
  Создание кода
  Previous IPDB was built with incompatible compiler, fall back to full compilation.
C:\Users\TopDesktop-1\source\repos\WarningListPVersion\WarningListPVersion\Translite.cpp(688): warning C4715: Translite: значение возвращается не при всех путях выполнения
  All 418 functions were compiled because no usable IPDB/IOBJ from previous compilation was found.
  Создание кода завершено
  WarningListPVersion.vcxproj -> C:\Users\TopDesktop-1\source\repos\WarningListPVersion\Release\WarningListPVersion.exe
